<?xml version="1.0" encoding="UTF-8"?>
<!-- Generated by org.testng.reporters.JUnitReportReporter -->
<testsuite hostname="DESKTOP-S427SE2" failures="0" tests="2" name="test.HomePageGokwikTest" time="1.732" errors="0" timestamp="2024-09-26T01:51:16 IST" skipped="0">
  <testcase classname="test.HomePageGokwikTest" name="logoTest" time="0.229"/>
  <testcase classname="test.HomePageGokwikTest" name="aboutUsPage" time="1.503"/>
</testsuite> <!-- test.HomePageGokwikTest -->
