<?xml version="1.0" encoding="UTF-8"?>
<!-- Generated by org.testng.reporters.JUnitReportReporter -->
<testsuite hostname="DESKTOP-S427SE2" failures="0" tests="1" name="test.UserCreationTest" time="15.469" errors="0" timestamp="2024-09-28T23:29:25 IST" skipped="0">
  <testcase classname="test.UserCreationTest" name="createNewUser" time="15.469"/>
</testsuite> <!-- test.UserCreationTest -->
