<?xml version="1.0" encoding="UTF-8"?>
<!-- Generated by org.testng.reporters.JUnitReportReporter -->
<testsuite hostname="DESKTOP-S427SE2" failures="0" tests="1" name="test.UserCreationTest" time="13.833" errors="0" timestamp="2024-10-03T04:10:17 IST" skipped="0">
  <testcase classname="test.UserCreationTest" name="tagToggleEdit" time="13.833"/>
</testsuite> <!-- test.UserCreationTest -->
