<?xml version="1.0" encoding="UTF-8"?>
<!-- Generated by org.testng.reporters.JUnitReportReporter -->
<testsuite hostname="DESKTOP-S427SE2" failures="0" tests="1" name="test.CareersJobSearch" time="2.936" errors="0" timestamp="2024-02-23T23:29:29 IST" skipped="0">
  <testcase classname="test.CareersJobSearch" name="aboutUsPage" time="2.936"/>
</testsuite> <!-- test.CareersJobSearch -->
